2025-06-16 13:45:02,527 INFO o.a.j.u.JMeterUtils: Setting Locale to en_EN
2025-06-16 13:45:02,567 INFO o.a.j.JMeter: Loading user properties from: D:\apache-jmeter-5.5\bin\user.properties
2025-06-16 13:45:02,569 INFO o.a.j.JMeter: Loading system properties from: D:\apache-jmeter-5.5\bin\system.properties
2025-06-16 13:45:02,579 INFO o.a.j.JMeter: Copyright (c) 1998-2022 The Apache Software Foundation
2025-06-16 13:45:02,579 INFO o.a.j.JMeter: Version 5.5
2025-06-16 13:45:02,579 INFO o.a.j.JMeter: java.version=17.0.11
2025-06-16 13:45:02,579 INFO o.a.j.JMeter: java.vm.name=Java HotSpot(TM) 64-Bit Server VM
2025-06-16 13:45:02,579 INFO o.a.j.JMeter: os.name=Windows 10
2025-06-16 13:45:02,579 INFO o.a.j.JMeter: os.arch=amd64
2025-06-16 13:45:02,579 INFO o.a.j.JMeter: os.version=10.0
2025-06-16 13:45:02,579 INFO o.a.j.JMeter: file.encoding=Cp1252
2025-06-16 13:45:02,579 INFO o.a.j.JMeter: java.awt.headless=true
2025-06-16 13:45:02,579 INFO o.a.j.JMeter: Max memory     =1073741824
2025-06-16 13:45:02,579 INFO o.a.j.JMeter: Available Processors =8
2025-06-16 13:45:02,595 INFO o.a.j.JMeter: Default Locale=English (EN)
2025-06-16 13:45:02,595 INFO o.a.j.JMeter: JMeter  Locale=English (EN)
2025-06-16 13:45:02,595 INFO o.a.j.JMeter: JMeterHome=D:\apache-jmeter-5.5
2025-06-16 13:45:02,595 INFO o.a.j.JMeter: user.dir  =D:\apache-jmeter-5.5\bin\Dmoney Api performance testing
2025-06-16 13:45:02,596 INFO o.a.j.JMeter: PWD       =D:\apache-jmeter-5.5\bin\Dmoney Api performance testing
2025-06-16 13:45:02,599 INFO o.a.j.JMeter: IP: 192.168.0.110 Name: DESKTOP-R4GUK7N FullName: DESKTOP-R4GUK7N
2025-06-16 13:45:02,611 INFO o.a.j.JMeter: Setting property 'jmeter.reportgenerator.outputdir' to:'D:\apache-jmeter-5.5\bin\Dmoney Api performance testing\Reports'
2025-06-16 13:45:02,618 INFO o.a.j.s.FileServer: Default base='D:\apache-jmeter-5.5\bin\Dmoney Api performance testing'
2025-06-16 13:45:02,619 INFO o.a.j.s.FileServer: Set new base='D:\apache-jmeter-5.5\bin\Dmoney Api performance testing\.'
2025-06-16 13:45:02,863 INFO o.a.j.s.SaveService: Testplan (JMX) version: 2.2. Testlog (JTL) version: 2.2
2025-06-16 13:45:02,911 INFO o.a.j.s.SaveService: Using SaveService properties version 5.0
2025-06-16 13:45:02,917 INFO o.a.j.s.SaveService: Using SaveService properties file encoding UTF-8
2025-06-16 13:45:02,920 INFO o.a.j.s.SaveService: Loading file: .\dmoney.jmx
2025-06-16 13:45:03,005 INFO o.a.j.p.h.s.HTTPSamplerBase: Parser for text/html is org.apache.jmeter.protocol.http.parser.LagartoBasedHtmlParser
2025-06-16 13:45:03,005 INFO o.a.j.p.h.s.HTTPSamplerBase: Parser for application/xhtml+xml is org.apache.jmeter.protocol.http.parser.LagartoBasedHtmlParser
2025-06-16 13:45:03,005 INFO o.a.j.p.h.s.HTTPSamplerBase: Parser for application/xml is org.apache.jmeter.protocol.http.parser.LagartoBasedHtmlParser
2025-06-16 13:45:03,005 INFO o.a.j.p.h.s.HTTPSamplerBase: Parser for text/xml is org.apache.jmeter.protocol.http.parser.LagartoBasedHtmlParser
2025-06-16 13:45:03,005 INFO o.a.j.p.h.s.HTTPSamplerBase: Parser for text/vnd.wap.wml is org.apache.jmeter.protocol.http.parser.RegexpHTMLParser
2025-06-16 13:45:03,005 INFO o.a.j.p.h.s.HTTPSamplerBase: Parser for text/css is org.apache.jmeter.protocol.http.parser.CssParser
2025-06-16 13:45:03,069 INFO o.a.j.JMeter: Creating summariser <summary>
2025-06-16 13:45:03,073 INFO o.a.j.r.d.ReportGenerator: ReportGenerator will use for Parsing the separator: ','
2025-06-16 13:45:03,073 INFO o.a.j.r.d.ReportGenerator: Will generate report at end of test from  results file: .\dmoney.jtl
2025-06-16 13:45:03,073 INFO o.a.j.r.d.ReportGenerator: Reading report generator properties from: D:\apache-jmeter-5.5\bin\reportgenerator.properties
2025-06-16 13:45:03,084 INFO o.a.j.r.d.ReportGenerator: Merging with JMeter properties
2025-06-16 13:45:03,088 INFO o.a.j.r.c.ReportGeneratorConfiguration: Property 'jmeter.reportgenerator.temp_dir' not found, using default value 'temp' instead.
2025-06-16 13:45:03,092 INFO o.a.j.r.c.ReportGeneratorConfiguration: Property 'jmeter.reportgenerator.apdex_per_transaction' not found, using default value 'null' instead.
2025-06-16 13:45:03,092 INFO o.a.j.r.c.ReportGeneratorConfiguration: apdex_per_transaction is empty, not APDEX per transaction customization
2025-06-16 13:45:03,093 INFO o.a.j.r.c.ReportGeneratorConfiguration: Property 'jmeter.reportgenerator.sample_filter' not found, using default value 'null' instead.
2025-06-16 13:45:03,093 INFO o.a.j.r.c.ReportGeneratorConfiguration: Property 'jmeter.reportgenerator.report_title' not found, using default value 'null' instead.
2025-06-16 13:45:03,093 INFO o.a.j.r.c.ReportGeneratorConfiguration: Property 'jmeter.reportgenerator.start_date' not found, using default value 'null' instead.
2025-06-16 13:45:03,093 INFO o.a.j.r.c.ReportGeneratorConfiguration: Property 'jmeter.reportgenerator.end_date' not found, using default value 'null' instead.
2025-06-16 13:45:03,093 INFO o.a.j.r.c.ReportGeneratorConfiguration: Property 'jmeter.reportgenerator.date_format' not found, using default value 'null' instead.
2025-06-16 13:45:03,093 INFO o.a.j.r.c.ReportGeneratorConfiguration: Will use date range start date: null, end date: null
2025-06-16 13:45:03,099 INFO o.a.j.r.c.ReportGeneratorConfiguration: Property 'jmeter.reportgenerator.graph.totalTPS.exclude_controllers' not found, using default value 'false' instead.
2025-06-16 13:45:03,099 INFO o.a.j.r.c.ReportGeneratorConfiguration: Property 'jmeter.reportgenerator.graph.activeThreadsOverTime.exclude_controllers' not found, using default value 'false' instead.
2025-06-16 13:45:03,099 INFO o.a.j.r.c.ReportGeneratorConfiguration: Property 'jmeter.reportgenerator.graph.timeVsThreads.exclude_controllers' not found, using default value 'false' instead.
2025-06-16 13:45:03,099 INFO o.a.j.r.c.ReportGeneratorConfiguration: Property 'jmeter.reportgenerator.graph.responseTimeDistribution.exclude_controllers' not found, using default value 'false' instead.
2025-06-16 13:45:03,099 INFO o.a.j.r.c.ReportGeneratorConfiguration: Property 'jmeter.reportgenerator.graph.transactionsPerSecond.exclude_controllers' not found, using default value 'false' instead.
2025-06-16 13:45:03,099 INFO o.a.j.r.c.ReportGeneratorConfiguration: Property 'jmeter.reportgenerator.graph.responseTimePercentiles.exclude_controllers' not found, using default value 'false' instead.
2025-06-16 13:45:03,099 INFO o.a.j.r.c.ReportGeneratorConfiguration: Property 'jmeter.reportgenerator.graph.responseTimePercentilesOverTime.exclude_controllers' not found, using default value 'false' instead.
2025-06-16 13:45:03,099 INFO o.a.j.r.c.ReportGeneratorConfiguration: Property 'jmeter.reportgenerator.graph.responseTimesOverTime.exclude_controllers' not found, using default value 'false' instead.
2025-06-16 13:45:03,100 INFO o.a.j.r.c.ReportGeneratorConfiguration: Property 'jmeter.reportgenerator.graph.connectTimeOverTime.exclude_controllers' not found, using default value 'false' instead.
2025-06-16 13:45:03,100 INFO o.a.j.r.c.ReportGeneratorConfiguration: Property 'jmeter.reportgenerator.graph.latenciesOverTime.exclude_controllers' not found, using default value 'false' instead.
2025-06-16 13:45:03,101 INFO o.a.j.r.c.ReportGeneratorConfiguration: Property 'jmeter.reportgenerator.exporter.json.filters_only_sample_series' not found, using default value 'true' instead.
2025-06-16 13:45:03,101 INFO o.a.j.r.c.ReportGeneratorConfiguration: Property 'jmeter.reportgenerator.exporter.json.series_filter' not found, using default value '' instead.
2025-06-16 13:45:03,102 INFO o.a.j.r.c.ReportGeneratorConfiguration: Property 'jmeter.reportgenerator.exporter.json.show_controllers_only' not found, using default value 'false' instead.
2025-06-16 13:45:03,102 INFO o.a.j.r.c.ReportGeneratorConfiguration: Property 'jmeter.reportgenerator.exporter.html.filters_only_sample_series' not found, using default value 'true' instead.
2025-06-16 13:45:03,102 INFO o.a.j.r.c.ReportGeneratorConfiguration: Property 'jmeter.reportgenerator.exporter.html.series_filter' not found, using default value '' instead.
2025-06-16 13:45:03,102 INFO o.a.j.r.c.ReportGeneratorConfiguration: Property 'jmeter.reportgenerator.exporter.html.show_controllers_only' not found, using default value 'false' instead.
2025-06-16 13:45:03,117 INFO o.a.j.e.StandardJMeterEngine: Running the test!
2025-06-16 13:45:03,122 INFO o.a.j.s.SampleEvent: List of sample_variables: []
2025-06-16 13:45:03,122 INFO o.a.j.s.SampleEvent: List of sample_variables: []
2025-06-16 13:45:03,128 INFO o.a.j.e.u.CompoundVariable: Note: Function class names must contain the string: '.functions.'
2025-06-16 13:45:03,128 INFO o.a.j.e.u.CompoundVariable: Note: Function class names must not contain the string: '.gui.'
2025-06-16 13:45:03,207 INFO o.a.j.JMeter: Running test (1750059903207)
2025-06-16 13:45:03,228 INFO o.a.j.e.StandardJMeterEngine: Starting ThreadGroup: 1 : Deposit
2025-06-16 13:45:03,228 INFO o.a.j.e.StandardJMeterEngine: Starting 1 threads for group Deposit.
2025-06-16 13:45:03,228 INFO o.a.j.e.StandardJMeterEngine: Thread will continue on error
2025-06-16 13:45:03,228 INFO o.a.j.t.ThreadGroup: Starting thread group... number=1 threads=1 ramp-up=120 delayedStart=false
2025-06-16 13:45:03,234 INFO o.a.j.t.ThreadGroup: Started thread group number 1
2025-06-16 13:45:03,234 INFO o.a.j.e.StandardJMeterEngine: Starting ThreadGroup: 2 : Send Money
2025-06-16 13:45:03,234 INFO o.a.j.e.StandardJMeterEngine: Starting 1 threads for group Send Money.
2025-06-16 13:45:03,234 INFO o.a.j.e.StandardJMeterEngine: Thread will continue on error
2025-06-16 13:45:03,234 INFO o.a.j.t.ThreadGroup: Starting thread group... number=2 threads=1 ramp-up=120 delayedStart=false
2025-06-16 13:45:03,235 INFO o.a.j.t.ThreadGroup: Started thread group number 2
2025-06-16 13:45:03,235 INFO o.a.j.e.StandardJMeterEngine: Starting ThreadGroup: 3 : Payment
2025-06-16 13:45:03,235 INFO o.a.j.e.StandardJMeterEngine: Starting 1 threads for group Payment.
2025-06-16 13:45:03,235 INFO o.a.j.e.StandardJMeterEngine: Thread will continue on error
2025-06-16 13:45:03,235 INFO o.a.j.t.ThreadGroup: Starting thread group... number=3 threads=1 ramp-up=120 delayedStart=false
2025-06-16 13:45:03,236 INFO o.a.j.t.ThreadGroup: Started thread group number 3
2025-06-16 13:45:03,236 INFO o.a.j.e.StandardJMeterEngine: Starting ThreadGroup: 4 : Withdraw
2025-06-16 13:45:03,236 INFO o.a.j.e.StandardJMeterEngine: Starting 1 threads for group Withdraw.
2025-06-16 13:45:03,236 INFO o.a.j.e.StandardJMeterEngine: Thread will continue on error
2025-06-16 13:45:03,236 INFO o.a.j.t.ThreadGroup: Starting thread group... number=4 threads=1 ramp-up=120 delayedStart=false
2025-06-16 13:45:03,237 INFO o.a.j.t.ThreadGroup: Started thread group number 4
2025-06-16 13:45:03,237 INFO o.a.j.e.StandardJMeterEngine: All thread groups have been started
2025-06-16 13:45:03,305 INFO o.a.j.t.JMeterThread: Thread started: Deposit 1-1
2025-06-16 13:45:03,305 INFO o.a.j.t.JMeterThread: Thread started: Send Money 2-1
2025-06-16 13:45:03,305 INFO o.a.j.t.JMeterThread: Thread started: Payment 3-1
2025-06-16 13:45:03,305 INFO o.a.j.t.JMeterThread: Thread started: Withdraw 4-1
2025-06-16 13:45:03,332 INFO o.a.j.p.h.s.HTTPHCAbstractImpl: Local host = DESKTOP-R4GUK7N
2025-06-16 13:45:03,341 INFO o.a.j.p.h.s.HTTPHC4Impl: HTTP request retry count = 0
2025-06-16 13:45:03,342 INFO o.a.j.s.SampleResult: Note: Sample TimeStamps are START times
2025-06-16 13:45:03,342 INFO o.a.j.s.SampleResult: sampleresult.default.encoding is set to ISO-8859-1
2025-06-16 13:45:03,342 INFO o.a.j.s.SampleResult: sampleresult.useNanoTime=true
2025-06-16 13:45:03,342 INFO o.a.j.s.SampleResult: sampleresult.nanoThreadSleep=5000
2025-06-16 13:45:03,553 INFO o.a.j.r.Summariser: summary +      1 in 00:00:00 =    2.9/s Avg:    91 Min:    91 Max:    91 Err:     0 (0.00%) Active: 4 Started: 4 Finished: 0
2025-06-16 13:45:03,745 INFO o.a.j.s.FileServer: Stored: D:/apache-jmeter-5.5/bin/Dmoney Api performance testing/payment.csv
2025-06-16 13:45:04,065 INFO o.a.j.t.JMeterThread: Thread is done: Payment 3-1
2025-06-16 13:45:04,065 INFO o.a.j.t.JMeterThread: Thread finished: Payment 3-1
2025-06-16 13:45:05,656 INFO o.a.j.s.FileServer: Stored: D:/apache-jmeter-5.5/bin/dmoney/Withdraw.csv
2025-06-16 13:45:06,186 INFO o.a.j.s.FileServer: Stored: D:/apache-jmeter-5.5/bin/Dmoney Api performance testing/sendmoney.csv
2025-06-16 13:45:09,883 INFO o.a.j.s.FileServer: Stored: D:/apache-jmeter-5.5/bin/Dmoney Api performance testing/deposit.csv
2025-06-16 13:45:12,404 INFO o.a.j.t.JMeterThread: Thread is done: Withdraw 4-1
2025-06-16 13:45:12,404 INFO o.a.j.t.JMeterThread: Thread finished: Withdraw 4-1
2025-06-16 13:45:30,423 INFO o.a.j.r.Summariser: summary +     24 in 00:00:27 =    0.9/s Avg:    61 Min:    28 Max:   187 Err:     0 (0.00%) Active: 2 Started: 4 Finished: 2
2025-06-16 13:45:30,426 INFO o.a.j.r.Summariser: summary =     25 in 00:00:27 =    0.9/s Avg:    62 Min:    28 Max:   187 Err:     0 (0.00%)
2025-06-16 13:45:40,511 INFO o.a.j.t.JMeterThread: Thread is done: Deposit 1-1
2025-06-16 13:45:40,512 INFO o.a.j.t.JMeterThread: Thread finished: Deposit 1-1
2025-06-16 13:45:43,546 INFO o.a.j.t.JMeterThread: Thread is done: Send Money 2-1
2025-06-16 13:45:43,547 INFO o.a.j.t.JMeterThread: Thread finished: Send Money 2-1
2025-06-16 13:45:43,549 INFO o.a.j.e.StandardJMeterEngine: Notifying test listeners of end of test
2025-06-16 13:45:43,549 INFO o.a.j.s.FileServer: Close: D:/apache-jmeter-5.5/bin/Dmoney Api performance testing/deposit.csv
2025-06-16 13:45:43,556 INFO o.a.j.s.FileServer: Close: D:/apache-jmeter-5.5/bin/Dmoney Api performance testing/payment.csv
2025-06-16 13:45:43,556 INFO o.a.j.s.FileServer: Close: D:/apache-jmeter-5.5/bin/Dmoney Api performance testing/sendmoney.csv
2025-06-16 13:45:43,556 INFO o.a.j.s.FileServer: Close: D:/apache-jmeter-5.5/bin/dmoney/Withdraw.csv
2025-06-16 13:45:43,560 INFO o.a.j.r.Summariser: summary +     10 in 00:00:13 =    0.8/s Avg:    94 Min:    72 Max:   130 Err:     0 (0.00%) Active: 0 Started: 4 Finished: 4
2025-06-16 13:45:43,562 INFO o.a.j.r.Summariser: summary =     35 in 00:00:40 =    0.9/s Avg:    71 Min:    28 Max:   187 Err:     0 (0.00%)
2025-06-16 13:45:43,564 INFO o.a.j.JMeter: Generating Dashboard
2025-06-16 13:45:43,564 INFO o.a.j.r.d.ReportGenerator: Flushing result collector before report Generation
2025-06-16 13:45:43,623 INFO o.a.j.r.p.NormalizerSampleConsumer: Using format, 'ms', to parse timeStamp field
2025-06-16 13:45:43,752 INFO o.a.j.r.p.AbstractSampleConsumer: class org.apache.jmeter.report.processor.AggregateConsumer#stopProducing(): beginDate produced 0 samples
2025-06-16 13:45:43,753 INFO o.a.j.r.p.AbstractSampleConsumer: class org.apache.jmeter.report.processor.AggregateConsumer#stopProducing(): endDate produced 0 samples
2025-06-16 13:45:43,755 INFO o.a.j.r.p.AbstractSampleConsumer: class org.apache.jmeter.report.processor.ApdexSummaryConsumer#stopProducing(): apdexSummary produced 0 samples
2025-06-16 13:45:43,755 INFO o.a.j.r.p.AbstractSampleConsumer: class org.apache.jmeter.report.processor.RequestsSummaryConsumer#stopProducing(): requestsSummary produced 0 samples
2025-06-16 13:45:43,762 INFO o.a.j.r.p.AbstractSampleConsumer: class org.apache.jmeter.report.processor.StatisticsSummaryConsumer#stopProducing(): statisticsSummary produced 0 samples
2025-06-16 13:45:43,765 INFO o.a.j.r.p.AbstractSampleConsumer: class org.apache.jmeter.report.processor.Top5ErrorsBySamplerConsumer#stopProducing(): top5ErrorsBySampler produced 0 samples
2025-06-16 13:45:43,765 INFO o.a.j.r.p.AbstractSampleConsumer: class org.apache.jmeter.report.processor.ErrorsSummaryConsumer#stopProducing(): errorsSummary produced 0 samples
2025-06-16 13:45:43,765 INFO o.a.j.r.p.AbstractSampleConsumer: class org.apache.jmeter.report.processor.graph.impl.HitsPerSecondGraphConsumer#stopProducing(): hitsPerSecond produced 0 samples
2025-06-16 13:45:43,796 INFO o.a.j.r.p.AbstractSampleConsumer: class org.apache.jmeter.report.processor.graph.impl.LatencyVSRequestGraphConsumer#stopProducing(): latencyVsRequest produced 0 samples
2025-06-16 13:45:43,797 INFO o.a.j.r.p.AbstractSampleConsumer: class org.apache.jmeter.report.processor.graph.impl.SyntheticResponseTimeDistributionGraphConsumer#stopProducing(): syntheticResponseTimeDistribution produced 0 samples
2025-06-16 13:45:43,798 INFO o.a.j.r.p.AbstractSampleConsumer: class org.apache.jmeter.report.processor.graph.impl.BytesThroughputGraphConsumer#stopProducing(): bytesThroughputOverTime produced 0 samples
2025-06-16 13:45:43,798 INFO o.a.j.r.p.AbstractSampleConsumer: class org.apache.jmeter.report.processor.graph.impl.CodesPerSecondGraphConsumer#stopProducing(): codesPerSecond produced 0 samples
2025-06-16 13:45:43,805 INFO o.a.j.r.p.AbstractSampleConsumer: class org.apache.jmeter.report.processor.graph.impl.ResponseTimeVSRequestGraphConsumer#stopProducing(): responseTimeVsRequest produced 0 samples
2025-06-16 13:45:43,806 INFO o.a.j.r.p.AbstractSampleConsumer: class org.apache.jmeter.report.processor.FilterConsumer#stopProducing(): startIntervalControlerFilter produced 245 samples
2025-06-16 13:45:43,806 INFO o.a.j.r.p.AbstractSampleConsumer: class org.apache.jmeter.report.processor.graph.impl.TotalTPSGraphConsumer#stopProducing(): totalTPS produced 0 samples
2025-06-16 13:45:43,807 INFO o.a.j.r.p.AbstractSampleConsumer: class org.apache.jmeter.report.processor.graph.impl.ActiveThreadsGraphConsumer#stopProducing(): activeThreadsOverTime produced 0 samples
2025-06-16 13:45:43,807 INFO o.a.j.r.p.AbstractSampleConsumer: class org.apache.jmeter.report.processor.graph.impl.TimeVSThreadGraphConsumer#stopProducing(): timeVsThreads produced 0 samples
2025-06-16 13:45:43,807 INFO o.a.j.r.p.AbstractSampleConsumer: class org.apache.jmeter.report.processor.graph.impl.ResponseTimeDistributionGraphConsumer#stopProducing(): responseTimeDistribution produced 0 samples
2025-06-16 13:45:43,807 INFO o.a.j.r.p.AbstractSampleConsumer: class org.apache.jmeter.report.processor.graph.impl.TransactionsPerSecondGraphConsumer#stopProducing(): transactionsPerSecond produced 0 samples
2025-06-16 13:45:43,807 INFO o.a.j.r.p.AbstractSampleConsumer: class org.apache.jmeter.report.processor.graph.impl.ResponseTimePercentilesGraphConsumer#stopProducing(): responseTimePercentiles produced 0 samples
2025-06-16 13:45:43,810 INFO o.a.j.r.p.AbstractSampleConsumer: class org.apache.jmeter.report.processor.graph.impl.ResponseTimePercentilesOverTimeGraphConsumer#stopProducing(): responseTimePercentilesOverTime produced 0 samples
2025-06-16 13:45:43,810 INFO o.a.j.r.p.AbstractSampleConsumer: class org.apache.jmeter.report.processor.graph.impl.ResponseTimeOverTimeGraphConsumer#stopProducing(): responseTimesOverTime produced 0 samples
2025-06-16 13:45:43,810 INFO o.a.j.r.p.AbstractSampleConsumer: class org.apache.jmeter.report.processor.graph.impl.ConnectTimeOverTimeGraphConsumer#stopProducing(): connectTimeOverTime produced 0 samples
2025-06-16 13:45:43,811 INFO o.a.j.r.p.AbstractSampleConsumer: class org.apache.jmeter.report.processor.graph.impl.LatencyOverTimeGraphConsumer#stopProducing(): latenciesOverTime produced 0 samples
2025-06-16 13:45:43,811 INFO o.a.j.r.p.AbstractSampleConsumer: class org.apache.jmeter.report.processor.FilterConsumer#stopProducing(): nameFilter produced 525 samples
2025-06-16 13:45:43,811 INFO o.a.j.r.p.AbstractSampleConsumer: class org.apache.jmeter.report.processor.FilterConsumer#stopProducing(): dateRangeFilter produced 105 samples
2025-06-16 13:45:43,811 INFO o.a.j.r.p.AbstractSampleConsumer: class org.apache.jmeter.report.processor.NormalizerSampleConsumer#stopProducing(): normalizer produced 35 samples
2025-06-16 13:45:43,812 INFO o.a.j.r.p.CsvFileSampleSource: produce(): 35 samples produced in 163ms on channel 0
2025-06-16 13:45:43,812 INFO o.a.j.r.d.ReportGenerator: Exporting data using exporter:'json' of className:'org.apache.jmeter.report.dashboard.JsonExporter'
2025-06-16 13:45:44,047 INFO o.a.j.r.d.JsonExporter: Found data for consumer statisticsSummary in context
2025-06-16 13:45:44,047 INFO o.a.j.r.d.JsonExporter: Creating statistics for overall
2025-06-16 13:45:44,047 INFO o.a.j.r.d.JsonExporter: Creating statistics for other transactions
2025-06-16 13:45:44,048 INFO o.a.j.r.d.JsonExporter: Checking output folder
2025-06-16 13:45:44,048 INFO o.a.j.r.d.JsonExporter: Writing statistics JSON to D:\apache-jmeter-5.5\bin\Dmoney Api performance testing\Reports\statistics.json
2025-06-16 13:45:44,104 INFO o.a.j.r.d.ReportGenerator: Exporting data using exporter:'html' of className:'org.apache.jmeter.report.dashboard.HtmlTemplateExporter'
2025-06-16 13:45:44,107 INFO o.a.j.r.d.HtmlTemplateExporter: Will generate dashboard in folder: D:\apache-jmeter-5.5\bin\Dmoney Api performance testing\Reports
2025-06-16 13:45:44,288 INFO o.a.j.r.d.HtmlTemplateExporter: Report will be generated in: D:\apache-jmeter-5.5\bin\Dmoney Api performance testing\Reports, creating folder structure
2025-06-16 13:45:44,296 INFO o.a.j.r.d.TemplateVisitor: Copying folder from 'D:\apache-jmeter-5.5\bin\report-template' to 'D:\apache-jmeter-5.5\bin\Dmoney Api performance testing\Reports', got message: D:\apache-jmeter-5.5\bin\Dmoney Api performance testing\Reports, found non empty folder with following content [D:\apache-jmeter-5.5\bin\Dmoney Api performance testing\Reports\statistics.json], will be ignored
2025-06-16 13:45:44,992 INFO o.a.j.JMeter: Dashboard generated
